2025-04-27 01:02:48 Loading main app package /tmp/.mount_ObsidivE34qu/resources/obsidian.asar
2025-04-27 01:02:48 Checking for update using Github
2025-04-27 01:02:49 Success.
2025-04-27 01:02:49 Latest version is 1.8.10
2025-04-27 01:02:49 App is up to date.
2025-04-27 01:03:32 Loading main app package /tmp/.mount_Obsidi53Gsjx/resources/obsidian.asar
2025-04-27 01:03:33 Checking for update using Github
2025-04-27 01:03:33 Success.
2025-04-27 01:03:33 Latest version is 1.8.10
2025-04-27 01:03:33 App is up to date.
2025-04-27 01:24:14 Loading main app package /tmp/.mount_ObsidiiSgr3C/resources/obsidian.asar
2025-04-27 01:24:14 Checking for update using Github
2025-04-27 01:24:15 Success.
2025-04-27 01:24:15 Latest version is 1.8.10
2025-04-27 01:24:15 App is up to date.
2025-04-27 01:27:59 Loading main app package /tmp/.mount_ObsidiNrkIOU/resources/obsidian.asar
2025-04-27 01:28:00 Checking for update using Github
2025-04-27 01:28:00 Success.
2025-04-27 01:28:00 Latest version is 1.8.10
2025-04-27 01:28:00 App is up to date.
2025-04-27 13:13:25 Loading main app package /tmp/.mount_Obsidi7C6n42/resources/obsidian.asar
2025-04-27 13:13:26 Checking for update using Github
2025-04-27 13:13:27 Success.
2025-04-27 13:13:27 Latest version is 1.8.10
2025-04-27 13:13:27 App is up to date.
2025-04-27 14:13:25 Checking for update using Github
2025-04-27 14:13:25 Success.
2025-04-27 14:13:25 Latest version is 1.8.10
2025-04-27 14:13:25 App is up to date.
2025-04-27 15:34:07 Loading main app package /tmp/.mount_ObsidiSKFVxS/resources/obsidian.asar
2025-04-27 15:34:08 Checking for update using Github
2025-04-27 15:34:09 Success.
2025-04-27 15:34:09 Latest version is 1.8.10
2025-04-27 15:34:09 App is up to date.
2025-04-27 16:47:43 Checking for update using Github
2025-04-27 16:47:44 Success.
2025-04-27 16:47:44 Latest version is 1.8.10
2025-04-27 16:47:44 App is up to date.
2025-04-27 18:09:12 Checking for update using Github
2025-04-27 18:09:13 Success.
2025-04-27 18:09:13 Latest version is 1.8.10
2025-04-27 18:09:13 App is up to date.
2025-04-27 20:00:28 Checking for update using Github
2025-04-27 20:00:29 Success.
2025-04-27 20:00:29 Latest version is 1.8.10
2025-04-27 20:00:29 App is up to date.
2025-04-27 21:00:28 Checking for update using Github
2025-04-27 21:00:29 Success.
2025-04-27 21:00:29 Latest version is 1.8.10
2025-04-27 21:00:29 App is up to date.
2025-04-27 22:00:28 Checking for update using Github
2025-04-27 22:00:29 Success.
2025-04-27 22:00:29 Latest version is 1.8.10
2025-04-27 22:00:29 App is up to date.
2025-04-27 23:00:28 Checking for update using Github
2025-04-27 23:00:29 Success.
2025-04-27 23:00:29 Latest version is 1.8.10
2025-04-27 23:00:29 App is up to date.
2025-04-28 00:00:28 Checking for update using Github
2025-04-28 00:00:29 Success.
2025-04-28 00:00:29 Latest version is 1.8.10
2025-04-28 00:00:29 App is up to date.
2025-04-28 01:00:28 Checking for update using Github
2025-04-28 01:00:29 Success.
2025-04-28 01:00:29 Latest version is 1.8.10
2025-04-28 01:00:29 App is up to date.
2025-04-28 02:00:28 Checking for update using Github
2025-04-28 02:00:29 Success.
2025-04-28 02:00:29 Latest version is 1.8.10
2025-04-28 02:00:29 App is up to date.
2025-04-28 12:15:19 Loading main app package /tmp/.mount_ObsidiIl2Sgd/resources/obsidian.asar
2025-04-28 12:15:20 Checking for update using Github
2025-04-28 12:15:21 Success.
2025-04-28 12:15:21 Latest version is 1.8.10
2025-04-28 12:15:21 App is up to date.
2025-04-28 13:17:33 Checking for update using Github
2025-04-28 13:17:33 Success.
2025-04-28 13:17:33 Latest version is 1.8.10
2025-04-28 13:17:33 App is up to date.
2025-04-29 13:25:38 Loading main app package /tmp/.mount_ObsidiJcSInb/resources/obsidian.asar
2025-04-29 13:25:39 Checking for update using Github
2025-04-29 13:25:39 Success.
2025-04-29 13:25:39 Latest version is 1.8.10
2025-04-29 13:25:39 App is up to date.
2025-04-29 14:28:34 Checking for update using Github
2025-04-29 14:28:34 Success.
2025-04-29 14:28:34 Latest version is 1.8.10
2025-04-29 14:28:34 App is up to date.
2025-04-29 14:50:04 Loading main app package /tmp/.mount_ObsidiiaBz31/resources/obsidian.asar
2025-04-29 14:50:05 Checking for update using Github
2025-04-29 14:50:06 Success.
2025-04-29 14:50:06 Latest version is 1.8.10
2025-04-29 14:50:06 App is up to date.
2025-04-29 14:51:06 Loading main app package /tmp/.mount_ObsidixHrmRY/resources/obsidian.asar
2025-04-29 14:51:07 Checking for update using Github
2025-04-29 14:51:17 Loading main app package /tmp/.mount_ObsidivSChbK/resources/obsidian.asar
2025-04-29 14:51:17 Checking for update using Github
2025-04-29 18:37:34 Checking for update using Github
2025-04-29 18:37:34 Success.
2025-04-29 18:37:34 Latest version is 1.8.10
2025-04-29 18:37:34 App is up to date.
2025-04-29 19:46:52 Checking for update using Github
2025-04-29 19:46:52 Success.
2025-04-29 19:46:52 Latest version is 1.8.10
2025-04-29 19:46:52 App is up to date.
2025-04-29 21:07:02 Checking for update using Github
2025-04-29 21:07:48 Failed to check for update using Github (net::ERR_NAME_NOT_RESOLVED)
2025-04-29 21:07:48 Checking for update using obsidian.md
2025-04-29 21:08:34 Failed to check for update using obsidian.md (net::ERR_NAME_NOT_RESOLVED)
2025-04-29 22:26:51 Checking for update using Github
2025-04-29 22:26:51 Success.
2025-04-29 22:26:51 Latest version is 1.8.10
2025-04-29 22:26:51 App is up to date.
2025-04-30 00:16:20 Checking for update using Github
2025-04-30 00:16:20 Success.
2025-04-30 00:16:20 Latest version is 1.8.10
2025-04-30 00:16:20 App is up to date.
2025-04-30 01:16:20 Checking for update using Github
2025-04-30 01:16:20 Success.
2025-04-30 01:16:20 Latest version is 1.8.10
2025-04-30 01:16:20 App is up to date.
2025-04-30 15:04:26 Checking for update using Github
2025-04-30 15:04:27 Success.
2025-04-30 15:04:27 Latest version is 1.8.10
2025-04-30 15:04:27 App is up to date.
2025-04-30 16:04:25 Checking for update using Github
2025-04-30 16:04:25 Success.
2025-04-30 16:04:25 Latest version is 1.8.10
2025-04-30 16:04:25 App is up to date.
2025-04-30 17:04:25 Checking for update using Github
2025-04-30 17:04:25 Success.
2025-04-30 17:04:25 Latest version is 1.8.10
2025-04-30 17:04:25 App is up to date.
2025-04-30 18:04:25 Checking for update using Github
2025-04-30 18:04:25 Success.
2025-04-30 18:04:25 Latest version is 1.8.10
2025-04-30 18:04:25 App is up to date.
2025-04-30 19:41:47 Checking for update using Github
2025-04-30 19:41:47 Success.
2025-04-30 19:41:47 Latest version is 1.8.10
2025-04-30 19:41:47 App is up to date.
2025-04-30 20:41:47 Checking for update using Github
2025-04-30 20:41:47 Success.
2025-04-30 20:41:47 Latest version is 1.8.10
2025-04-30 20:41:47 App is up to date.
2025-04-30 22:06:14 Checking for update using Github
2025-04-30 22:06:14 Success.
2025-04-30 22:06:14 Latest version is 1.8.10
2025-04-30 22:06:14 App is up to date.
2025-04-30 23:06:14 Checking for update using Github
2025-04-30 23:06:14 Success.
2025-04-30 23:06:14 Latest version is 1.8.10
2025-04-30 23:06:14 App is up to date.
2025-05-01 00:06:14 Checking for update using Github
2025-05-01 00:06:15 Success.
2025-05-01 00:06:15 Latest version is 1.8.10
2025-05-01 00:06:15 App is up to date.
2025-05-01 01:06:14 Checking for update using Github
2025-05-01 01:06:15 Success.
2025-05-01 01:06:15 Latest version is 1.8.10
2025-05-01 01:06:15 App is up to date.
2025-05-01 02:06:14 Checking for update using Github
2025-05-01 02:06:15 Success.
2025-05-01 02:06:15 Latest version is 1.8.10
2025-05-01 02:06:15 App is up to date.
2025-05-01 03:06:14 Checking for update using Github
2025-05-01 03:06:14 Success.
2025-05-01 03:06:14 Latest version is 1.8.10
2025-05-01 03:06:14 App is up to date.
2025-05-01 12:00:47 Checking for update using Github
2025-05-01 12:00:48 Success.
2025-05-01 12:00:48 Latest version is 1.8.10
2025-05-01 12:00:48 App is up to date.
2025-05-01 13:01:49 Checking for update using Github
2025-05-01 13:01:49 Success.
2025-05-01 13:01:49 Latest version is 1.8.10
2025-05-01 13:01:49 App is up to date.
2025-05-01 14:15:50 Checking for update using Github
2025-05-01 14:15:50 Success.
2025-05-01 14:15:50 Latest version is 1.8.10
2025-05-01 14:15:50 App is up to date.
2025-05-01 20:46:56 Checking for update using Github
2025-05-01 20:46:56 Success.
2025-05-01 20:46:56 Latest version is 1.8.10
2025-05-01 20:46:56 App is up to date.
2025-05-01 21:46:56 Checking for update using Github
2025-05-01 21:46:56 Success.
2025-05-01 21:46:56 Latest version is 1.8.10
2025-05-01 21:46:56 App is up to date.
2025-05-01 22:46:56 Checking for update using Github
2025-05-01 22:46:56 Success.
2025-05-01 22:46:56 Latest version is 1.8.10
2025-05-01 22:46:56 App is up to date.
2025-05-01 23:46:56 Checking for update using Github
2025-05-01 23:46:56 Success.
2025-05-01 23:46:56 Latest version is 1.8.10
2025-05-01 23:46:56 App is up to date.
2025-05-02 00:46:56 Checking for update using Github
2025-05-02 00:46:56 Success.
2025-05-02 00:46:56 Latest version is 1.8.10
2025-05-02 00:46:56 App is up to date.
2025-05-02 01:46:56 Checking for update using Github
2025-05-02 01:46:56 Success.
2025-05-02 01:46:56 Latest version is 1.8.10
2025-05-02 01:46:56 App is up to date.
2025-05-02 02:46:56 Checking for update using Github
2025-05-02 02:46:56 Success.
2025-05-02 02:46:56 Latest version is 1.8.10
2025-05-02 02:46:56 App is up to date.
2025-05-02 11:42:27 Checking for update using Github
2025-05-02 11:42:27 Success.
2025-05-02 11:42:27 Latest version is 1.8.10
2025-05-02 11:42:27 App is up to date.
2025-07-01 02:45:32 Loading main app package /tmp/.mount_ObsidiAsh855/resources/obsidian.asar
2025-07-01 02:45:33 Checking for update using Github
2025-07-01 02:45:33 Success.
2025-07-01 02:45:33 Latest version is 1.8.10
2025-07-01 02:45:33 App is up to date.
2025-07-01 17:32:51 Checking for update using Github
2025-07-01 17:32:51 Success.
2025-07-01 17:32:51 Latest version is 1.8.10
2025-07-01 17:32:51 App is up to date.
2025-07-01 18:32:51 Checking for update using Github
2025-07-01 18:32:51 Success.
2025-07-01 18:32:51 Latest version is 1.8.10
2025-07-01 18:32:51 App is up to date.
2025-07-01 19:32:51 Checking for update using Github
2025-07-01 19:32:51 Success.
2025-07-01 19:32:51 Latest version is 1.8.10
2025-07-01 19:32:51 App is up to date.
2025-07-01 20:32:51 Checking for update using Github
2025-07-01 20:32:51 Success.
2025-07-01 20:32:51 Latest version is 1.8.10
2025-07-01 20:32:51 App is up to date.
2025-07-01 21:32:51 Checking for update using Github
2025-07-01 21:32:51 Success.
2025-07-01 21:32:51 Latest version is 1.8.10
2025-07-01 21:32:51 App is up to date.
2025-07-14 16:57:19 Loading main app package /tmp/.mount_ObsidiZaX2yB/resources/obsidian.asar
2025-07-14 16:57:19 Checking for update using Github
2025-07-14 16:57:20 Success.
2025-07-14 16:57:20 Latest version is 1.8.10
2025-07-14 16:57:20 App is up to date.
2025-07-15 14:32:31 Loading main app package /tmp/.mount_Obsidih5QHv7/resources/obsidian.asar
2025-07-15 14:32:32 Checking for update using Github
2025-07-15 14:32:33 Success.
2025-07-15 14:32:33 Latest version is 1.8.10
2025-07-15 14:32:33 App is up to date.
2025-07-15 14:34:18 Loading main app package /tmp/.mount_ObsidisPSxog/resources/obsidian.asar
2025-07-15 14:34:20 Checking for update using Github
2025-07-15 14:34:20 Success.
2025-07-15 14:34:20 Latest version is 1.8.10
2025-07-15 14:34:20 App is up to date.
2025-07-15 14:34:34 Loading main app package /tmp/.mount_ObsidifoOUIj/resources/obsidian.asar
2025-07-15 14:34:35 Checking for update using Github
2025-07-15 14:34:35 Success.
2025-07-15 14:34:35 Latest version is 1.8.10
2025-07-15 14:34:35 App is up to date.
2025-07-15 14:38:42 Loading main app package /tmp/.mount_ObsidiB4gdqk/resources/obsidian.asar
2025-07-15 14:38:43 Checking for update using Github
2025-07-15 14:38:44 Success.
2025-07-15 14:38:44 Latest version is 1.8.10
2025-07-15 14:38:44 App is up to date.
2025-07-15 15:38:42 Checking for update using Github
2025-07-15 15:38:43 Success.
2025-07-15 15:38:43 Latest version is 1.8.10
2025-07-15 15:38:43 App is up to date.
2025-07-15 16:57:46 Checking for update using Github
2025-07-15 16:57:47 Success.
2025-07-15 16:57:47 Latest version is 1.8.10
2025-07-15 16:57:47 App is up to date.
2025-07-15 17:59:07 Checking for update using Github
2025-07-15 17:59:08 Failed to check for update using Github (net::ERR_NETWORK_CHANGED)
2025-07-15 17:59:08 Checking for update using obsidian.md
2025-07-15 17:59:33 Failed to check for update using obsidian.md (net::ERR_NAME_NOT_RESOLVED)
2025-07-15 18:59:07 Checking for update using Github
2025-07-15 18:59:08 Success.
2025-07-15 18:59:08 Latest version is 1.8.10
2025-07-15 18:59:08 App is up to date.
2025-07-18 19:37:04 Loading main app package /tmp/.mount_ObsidiLSQ95T/resources/obsidian.asar
2025-07-18 19:37:05 Checking for update using Github
2025-07-18 19:37:05 Success.
2025-07-18 19:37:05 Latest version is 1.8.10
2025-07-18 19:37:05 App is up to date.
2025-07-18 22:51:37 Checking for update using Github
2025-07-18 22:51:37 Success.
2025-07-18 22:51:37 Latest version is 1.8.10
2025-07-18 22:51:37 App is up to date.
2025-07-18 23:51:37 Checking for update using Github
2025-07-18 23:51:37 Success.
2025-07-18 23:51:37 Latest version is 1.8.10
2025-07-18 23:51:37 App is up to date.
2025-07-19 01:25:58 Checking for update using Github
2025-07-19 01:25:58 Success.
2025-07-19 01:25:58 Latest version is 1.8.10
2025-07-19 01:25:58 App is up to date.
2025-07-19 02:25:58 Checking for update using Github
2025-07-19 02:25:58 Success.
2025-07-19 02:25:58 Latest version is 1.8.10
2025-07-19 02:25:58 App is up to date.
2025-07-19 02:38:49 Loading main app package /tmp/.mount_ObsidiQPgF0a/resources/obsidian.asar
2025-07-19 02:38:50 Checking for update using Github
2025-07-19 02:38:50 Success.
2025-07-19 02:38:50 Latest version is 1.8.10
2025-07-19 02:38:50 App is up to date.
2025-08-07 01:49:32 Loading main app package /tmp/.mount_Obsidi7a1bem/resources/obsidian.asar
2025-08-07 01:49:33 Checking for update using Github
2025-08-07 01:49:33 Success.
2025-08-07 01:49:33 Latest version is 1.8.10
2025-08-07 01:49:33 App is up to date.
2025-08-07 13:04:10 Checking for update using Github
2025-08-07 13:04:10 Success.
2025-08-07 13:04:10 Latest version is 1.8.10
2025-08-07 13:04:10 App is up to date.
2025-08-07 14:04:10 Checking for update using Github
2025-08-07 14:04:10 Success.
2025-08-07 14:04:10 Latest version is 1.8.10
2025-08-07 14:04:10 App is up to date.
2025-08-07 15:04:10 Checking for update using Github
2025-08-07 15:04:10 Success.
2025-08-07 15:04:10 Latest version is 1.8.10
2025-08-07 15:04:10 App is up to date.
2025-08-07 16:28:47 Checking for update using Github
2025-08-07 16:28:47 Success.
2025-08-07 16:28:47 Latest version is 1.8.10
2025-08-07 16:28:47 App is up to date.
2025-08-07 17:28:47 Checking for update using Github
2025-08-07 17:28:47 Success.
2025-08-07 17:28:47 Latest version is 1.8.10
2025-08-07 17:28:47 App is up to date.
2025-08-07 18:28:47 Checking for update using Github
2025-08-07 18:28:47 Success.
2025-08-07 18:28:47 Latest version is 1.8.10
2025-08-07 18:28:47 App is up to date.
2025-08-07 19:28:47 Checking for update using Github
2025-08-07 19:28:47 Success.
2025-08-07 19:28:47 Latest version is 1.8.10
2025-08-07 19:28:47 App is up to date.
2025-08-07 20:43:33 Checking for update using Github
2025-08-07 20:43:33 Success.
2025-08-07 20:43:33 Latest version is 1.8.10
2025-08-07 20:43:33 App is up to date.
2025-08-07 21:43:33 Checking for update using Github
2025-08-07 21:43:33 Success.
2025-08-07 21:43:33 Latest version is 1.8.10
2025-08-07 21:43:33 App is up to date.
2025-08-07 22:43:33 Checking for update using Github
2025-08-07 22:43:33 Success.
2025-08-07 22:43:33 Latest version is 1.8.10
2025-08-07 22:43:33 App is up to date.
2025-08-07 23:43:33 Checking for update using Github
2025-08-07 23:43:33 Success.
2025-08-07 23:43:33 Latest version is 1.8.10
2025-08-07 23:43:33 App is up to date.
2025-08-08 00:43:33 Checking for update using Github
2025-08-08 00:43:33 Success.
2025-08-08 00:43:33 Latest version is 1.8.10
2025-08-08 00:43:33 App is up to date.
2025-08-08 01:43:33 Checking for update using Github
2025-08-08 01:43:33 Success.
2025-08-08 01:43:33 Latest version is 1.8.10
2025-08-08 01:43:33 App is up to date.
2025-08-08 02:43:33 Checking for update using Github
2025-08-08 02:43:33 Success.
2025-08-08 02:43:33 Latest version is 1.8.10
2025-08-08 02:43:33 App is up to date.
2025-08-08 14:17:45 Checking for update using Github
2025-08-08 14:17:45 Success.
2025-08-08 14:17:45 Latest version is 1.8.10
2025-08-08 14:17:45 App is up to date.
2025-08-08 15:17:45 Checking for update using Github
2025-08-08 15:17:45 Success.
2025-08-08 15:17:45 Latest version is 1.8.10
2025-08-08 15:17:45 App is up to date.
2025-08-08 21:17:29 Checking for update using Github
2025-08-08 21:17:29 Success.
2025-08-08 21:17:29 Latest version is 1.8.10
2025-08-08 21:17:29 App is up to date.
2025-08-08 22:17:29 Checking for update using Github
2025-08-08 22:17:29 Success.
2025-08-08 22:17:29 Latest version is 1.8.10
2025-08-08 22:17:29 App is up to date.
2025-08-08 23:17:29 Checking for update using Github
2025-08-08 23:17:29 Success.
2025-08-08 23:17:29 Latest version is 1.8.10
2025-08-08 23:17:29 App is up to date.
2025-08-08 23:58:52 Loading main app package /tmp/.mount_ObsidiwDfk4O/resources/obsidian.asar
2025-08-08 23:58:54 Checking for update using Github
2025-08-08 23:58:54 Success.
2025-08-08 23:58:54 Latest version is 1.8.10
2025-08-08 23:58:54 App is up to date.
2025-08-09 00:20:01 Loading main app package /tmp/.mount_Obsidi96yLDR/resources/obsidian.asar
2025-08-09 00:20:01 Checking for update using Github
2025-08-09 00:58:52 Checking for update using Github
2025-08-09 00:58:52 Success.
2025-08-09 00:58:52 Latest version is 1.8.10
2025-08-09 00:58:52 App is up to date.
2025-08-09 01:36:08 Loading main app package /tmp/.mount_Obsidi1wQYfu/resources/obsidian.asar
2025-08-09 01:36:09 Checking for update using Github
2025-08-09 01:36:09 Success.
2025-08-09 01:36:09 Latest version is 1.8.10
2025-08-09 01:36:09 App is up to date.
2025-08-09 01:52:17 Loading main app package /tmp/.mount_ObsidiHuZcfo/resources/obsidian.asar
2025-08-09 01:52:17 Checking for update using Github
2025-08-09 10:12:42 Loading main app package /tmp/.mount_ObsidiDjYFyD/resources/obsidian.asar
2025-08-09 10:12:44 Checking for update using Github
2025-08-09 10:12:45 Success.
2025-08-09 10:12:45 Latest version is 1.8.10
2025-08-09 10:12:45 App is up to date.
2025-08-09 13:12:58 Loading main app package /tmp/.mount_Obsidi7IOjcI/resources/obsidian.asar
2025-08-09 13:12:58 Checking for update using Github
2025-08-09 14:12:39 Checking for update using Github
2025-08-09 14:12:39 Success.
2025-08-09 14:12:39 Latest version is 1.8.10
2025-08-09 14:12:39 App is up to date.
2025-08-09 15:12:39 Checking for update using Github
2025-08-09 15:12:39 Success.
2025-08-09 15:12:39 Latest version is 1.8.10
2025-08-09 15:12:39 App is up to date.
2025-08-09 15:30:49 Loading main app package /tmp/.mount_Obsidiph9znX/resources/obsidian.asar
2025-08-09 15:30:49 Checking for update using Github
2025-08-09 16:12:39 Checking for update using Github
2025-08-09 16:12:39 Success.
2025-08-09 16:12:39 Latest version is 1.8.10
2025-08-09 16:12:39 App is up to date.
2025-08-09 17:12:39 Checking for update using Github
2025-08-09 17:12:39 Success.
2025-08-09 17:12:39 Latest version is 1.8.10
2025-08-09 17:12:39 App is up to date.
2025-08-09 18:12:39 Checking for update using Github
2025-08-09 18:12:39 Success.
2025-08-09 18:12:39 Latest version is 1.8.10
2025-08-09 18:12:39 App is up to date.
2025-08-09 19:12:39 Checking for update using Github
2025-08-09 19:12:39 Success.
2025-08-09 19:12:39 Latest version is 1.8.10
2025-08-09 19:12:39 App is up to date.
2025-08-09 20:12:39 Checking for update using Github
2025-08-09 20:12:39 Success.
2025-08-09 20:12:39 Latest version is 1.8.10
2025-08-09 20:12:39 App is up to date.
2025-08-09 21:12:39 Checking for update using Github
2025-08-09 21:12:39 Success.
2025-08-09 21:12:39 Latest version is 1.8.10
2025-08-09 21:12:39 App is up to date.
2025-08-09 22:12:39 Checking for update using Github
2025-08-09 22:12:39 Success.
2025-08-09 22:12:39 Latest version is 1.8.10
2025-08-09 22:12:39 App is up to date.
2025-08-09 22:35:04 Loading main app package /tmp/.mount_ObsidiBhv909/resources/obsidian.asar
2025-08-09 22:35:05 Checking for update using Github
2025-08-09 22:39:18 Loading main app package /tmp/.mount_ObsidiwJTqds/resources/obsidian.asar
2025-08-09 22:39:18 Checking for update using Github
2025-08-09 22:55:58 Loading main app package /tmp/.mount_ObsidiyvB0zX/resources/obsidian.asar
2025-08-09 22:55:58 Checking for update using Github
2025-08-09 23:11:02 Loading main app package /tmp/.mount_ObsidiDgAr1E/resources/obsidian.asar
2025-08-09 23:11:02 Checking for update using Github
2025-08-09 23:11:34 Loading main app package /tmp/.mount_ObsidiRSuuIR/resources/obsidian.asar
2025-08-09 23:11:35 Checking for update using Github
2025-08-09 23:11:35 Success.
2025-08-09 23:11:35 Latest version is 1.8.10
2025-08-09 23:11:35 App is up to date.
2025-08-09 23:54:15 Loading main app package /tmp/.mount_Obsidig7Kl48/resources/obsidian.asar
2025-08-09 23:54:16 Checking for update using Github
2025-08-09 23:55:15 Loading main app package /tmp/.mount_ObsidisWl8k7/resources/obsidian.asar
2025-08-09 23:55:16 Checking for update using Github
2025-08-10 00:05:54 Loading main app package /tmp/.mount_ObsidiIwyYUT/resources/obsidian.asar
2025-08-10 00:05:55 Checking for update using Github
2025-08-10 00:05:55 Success.
2025-08-10 00:05:55 Latest version is 1.8.10
2025-08-10 00:05:55 App is up to date.
2025-08-10 12:56:35 Loading main app package /tmp/.mount_ObsidieKOXPI/resources/obsidian.asar
2025-08-10 12:56:36 Checking for update using Github
2025-08-10 12:56:38 Success.
2025-08-10 12:56:38 Latest version is 1.8.10
2025-08-10 12:56:38 App is up to date.
2025-08-10 23:12:53 Checking for update using Github
2025-08-10 23:12:53 Success.
2025-08-10 23:12:53 Latest version is 1.8.10
2025-08-10 23:12:53 App is up to date.
2025-08-11 00:12:53 Checking for update using Github
2025-08-11 00:12:53 Success.
2025-08-11 00:12:53 Latest version is 1.8.10
2025-08-11 00:12:53 App is up to date.
2025-08-11 00:27:44 Loading main app package /tmp/.mount_ObsidiwlIowW/resources/obsidian.asar
2025-08-11 00:27:44 Checking for update using Github
2025-08-11 01:12:53 Checking for update using Github
2025-08-11 01:12:53 Success.
2025-08-11 01:12:53 Latest version is 1.8.10
2025-08-11 01:12:53 App is up to date.
2025-08-11 02:12:53 Checking for update using Github
2025-08-11 02:12:54 Success.
2025-08-11 02:12:54 Latest version is 1.8.10
2025-08-11 02:12:54 App is up to date.
2025-08-11 03:12:53 Checking for update using Github
2025-08-11 03:12:54 Success.
2025-08-11 03:12:54 Latest version is 1.8.10
2025-08-11 03:12:54 App is up to date.
2025-08-11 04:12:53 Checking for update using Github
2025-08-11 04:12:54 Success.
2025-08-11 04:12:54 Latest version is 1.8.10
2025-08-11 04:12:54 App is up to date.
2025-08-11 05:12:53 Checking for update using Github
2025-08-11 05:12:54 Success.
2025-08-11 05:12:54 Latest version is 1.8.10
2025-08-11 05:12:54 App is up to date.
2025-08-11 13:22:59 Loading main app package /tmp/.mount_ObsidilwFG9O/resources/obsidian.asar
2025-08-11 13:23:00 Checking for update using Github
2025-08-11 14:02:19 Checking for update using Github
2025-08-11 14:02:19 Success.
2025-08-11 14:02:19 Latest version is 1.8.10
2025-08-11 14:02:19 App is up to date.
2025-08-11 15:02:19 Checking for update using Github
2025-08-11 15:02:19 Success.
2025-08-11 15:02:19 Latest version is 1.8.10
2025-08-11 15:02:19 App is up to date.
2025-08-11 16:31:39 Checking for update using Github
2025-08-11 16:31:39 Success.
2025-08-11 16:31:39 Latest version is 1.8.10
2025-08-11 16:31:39 App is up to date.
2025-08-11 17:35:58 Checking for update using Github
2025-08-11 17:35:58 Success.
2025-08-11 17:35:58 Latest version is 1.8.10
2025-08-11 17:35:58 App is up to date.
2025-08-11 18:35:58 Checking for update using Github
2025-08-11 18:35:58 Success.
2025-08-11 18:35:58 Latest version is 1.8.10
2025-08-11 18:35:58 App is up to date.
2025-08-11 19:50:25 Checking for update using Github
2025-08-11 19:50:25 Success.
2025-08-11 19:50:25 Latest version is 1.8.10
2025-08-11 19:50:25 App is up to date.
2025-08-12 17:29:01 Checking for update using Github
2025-08-12 17:29:02 Success.
2025-08-12 17:29:02 Latest version is 1.8.10
2025-08-12 17:29:02 App is up to date.
2025-08-12 18:50:00 Checking for update using Github
2025-08-12 18:50:01 Success.
2025-08-12 18:50:01 Latest version is 1.8.10
2025-08-12 18:50:01 App is up to date.
2025-08-12 19:56:28 Checking for update using Github
2025-08-12 19:56:28 Success.
2025-08-12 19:56:28 Latest version is 1.8.10
2025-08-12 19:56:28 App is up to date.
2025-08-12 22:21:37 Checking for update using Github
2025-08-12 22:21:38 Success.
2025-08-12 22:21:38 Latest version is 1.8.10
2025-08-12 22:21:38 App is up to date.
2025-08-12 23:21:37 Checking for update using Github
2025-08-12 23:21:38 Success.
2025-08-12 23:21:38 Latest version is 1.8.10
2025-08-12 23:21:38 App is up to date.
2025-08-13 00:21:37 Checking for update using Github
2025-08-13 00:21:38 Success.
2025-08-13 00:21:38 Latest version is 1.8.10
2025-08-13 00:21:38 App is up to date.
2025-08-13 01:21:37 Checking for update using Github
2025-08-13 01:21:38 Success.
2025-08-13 01:21:38 Latest version is 1.8.10
2025-08-13 01:21:38 App is up to date.
2025-08-13 02:21:37 Checking for update using Github
2025-08-13 02:21:38 Success.
2025-08-13 02:21:38 Latest version is 1.8.10
2025-08-13 02:21:38 App is up to date.
2025-08-13 03:21:37 Checking for update using Github
2025-08-13 03:21:38 Success.
2025-08-13 03:21:38 Latest version is 1.8.10
2025-08-13 03:21:38 App is up to date.
2025-08-14 03:41:16 Loading main app package /tmp/.mount_ObsidiqiWYqK/resources/obsidian.asar
2025-08-14 03:41:17 Checking for update using Github
2025-08-14 03:41:17 Failed to check for update using Github (net::ERR_NETWORK_CHANGED)
2025-08-14 03:41:17 Checking for update using obsidian.md
2025-08-14 03:41:17 Failed to check for update using obsidian.md (net::ERR_INTERNET_DISCONNECTED)
2025-08-14 18:21:28 Loading main app package /tmp/.mount_Obsidi6a0uKQ/resources/obsidian.asar
2025-08-14 18:21:29 Checking for update using Github
2025-08-14 18:21:29 Success.
2025-08-14 18:21:29 Latest version is 1.8.10
2025-08-14 18:21:29 App is up to date.
2025-08-14 19:21:29 Checking for update using Github
2025-08-14 19:21:29 Success.
2025-08-14 19:21:29 Latest version is 1.8.10
2025-08-14 19:21:29 App is up to date.
2025-08-14 19:26:07 Loading main app package /tmp/.mount_Obsidib2Ohd9/resources/obsidian.asar
2025-08-14 19:26:09 Checking for update using Github
2025-08-14 19:26:09 Success.
2025-08-14 19:26:09 Latest version is 1.8.10
2025-08-14 19:26:09 App is up to date.
2025-08-14 19:35:35 Loading main app package /tmp/.mount_ObsidiJhmbp4/resources/obsidian.asar
2025-08-14 19:35:37 Checking for update using Github
2025-08-14 19:35:37 Success.
2025-08-14 19:35:37 Latest version is 1.8.10
2025-08-14 19:35:37 App is up to date.
2025-08-15 16:34:17 Checking for update using Github
2025-08-15 16:34:18 Success.
2025-08-15 16:34:18 Latest version is 1.8.10
2025-08-15 16:34:18 App is up to date.
2025-08-15 17:34:17 Checking for update using Github
2025-08-15 17:34:18 Success.
2025-08-15 17:34:18 Latest version is 1.8.10
2025-08-15 17:34:18 App is up to date.
2025-08-15 18:34:17 Checking for update using Github
2025-08-15 18:34:18 Success.
2025-08-15 18:34:18 Latest version is 1.8.10
2025-08-15 18:34:18 App is up to date.
2025-08-17 03:33:48 Checking for update using Github
2025-08-17 03:33:48 Success.
2025-08-17 03:33:48 Latest version is 1.8.10
2025-08-17 03:33:48 App is up to date.
2025-08-18 16:22:39 Checking for update using Github
2025-08-18 16:22:39 Success.
2025-08-18 16:22:39 Latest version is 1.8.10
2025-08-18 16:22:39 App is up to date.
2025-08-18 19:03:44 Checking for update using Github
2025-08-18 19:03:45 Success.
2025-08-18 19:03:45 Latest version is 1.8.10
2025-08-18 19:03:45 App is up to date.
2025-08-19 16:02:03 Checking for update using Github
2025-08-19 16:02:04 Success.
2025-08-19 16:02:04 Latest version is 1.9.10
2025-08-19 16:02:04 Downloading update from https://github.com/obsidianmd/obsidian-releases/releases/download/v1.9.10/obsidian-1.9.10.asar.gz
2025-08-19 16:02:06 Verifying hash & signature. Size= 9033422
2025-08-19 16:02:06 Saving file
2025-08-19 16:02:06 Update complete.
2025-08-19 17:25:26 Checking for update using Github
2025-08-19 17:25:27 Success.
2025-08-19 17:25:27 Latest version is 1.9.10
2025-08-19 17:25:27 An update is already downloaded.
2025-08-19 18:25:27 Checking for update using Github
2025-08-19 18:25:27 Success.
2025-08-19 18:25:27 Latest version is 1.9.10
2025-08-19 18:25:27 An update is already downloaded.
2025-08-19 19:25:27 Checking for update using Github
2025-08-19 19:25:27 Success.
2025-08-19 19:25:27 Latest version is 1.9.10
2025-08-19 19:25:27 An update is already downloaded.
2025-08-19 23:03:34 Checking for update using Github
2025-08-19 23:03:34 Success.
2025-08-19 23:03:34 Latest version is 1.9.10
2025-08-19 23:03:34 An update is already downloaded.
2025-08-20 00:03:34 Checking for update using Github
2025-08-20 00:03:34 Success.
2025-08-20 00:03:34 Latest version is 1.9.10
2025-08-20 00:03:34 An update is already downloaded.
2025-08-20 01:03:34 Checking for update using Github
2025-08-20 01:03:34 Success.
2025-08-20 01:03:34 Latest version is 1.9.10
2025-08-20 01:03:34 An update is already downloaded.
2025-08-20 02:03:34 Checking for update using Github
2025-08-20 02:03:35 Success.
2025-08-20 02:03:35 Latest version is 1.9.10
2025-08-20 02:03:35 An update is already downloaded.
2025-08-20 03:03:34 Checking for update using Github
2025-08-20 03:03:35 Success.
2025-08-20 03:03:35 Latest version is 1.9.10
2025-08-20 03:03:35 An update is already downloaded.
2025-08-20 04:03:35 Checking for update using Github
2025-08-20 04:03:35 Success.
2025-08-20 04:03:35 Latest version is 1.9.10
2025-08-20 04:03:35 An update is already downloaded.
2025-08-20 10:39:15 Loading updated app package /home/bmorin/.config/obsidian/obsidian-1.9.10.asar
2025-08-20 10:39:17 Checking for update using Github
2025-08-20 10:39:17 Success.
2025-08-20 10:39:17 Latest version is 1.9.10
2025-08-20 10:39:17 App is up to date.
2025-08-20 14:38:58 Checking for update using Github
2025-08-20 14:38:59 Success.
2025-08-20 14:38:59 Latest version is 1.9.10
2025-08-20 14:38:59 App is up to date.
2025-08-20 15:38:58 Checking for update using Github
2025-08-20 15:38:59 Success.
2025-08-20 15:38:59 Latest version is 1.9.10
2025-08-20 15:38:59 App is up to date.
2025-08-20 16:38:58 Checking for update using Github
2025-08-20 16:38:59 Success.
2025-08-20 16:38:59 Latest version is 1.9.10
2025-08-20 16:38:59 App is up to date.
2025-08-20 17:38:58 Checking for update using Github
2025-08-20 17:38:59 Success.
2025-08-20 17:38:59 Latest version is 1.9.10
2025-08-20 17:38:59 App is up to date.
2025-08-20 18:38:59 Checking for update using Github
2025-08-20 18:38:59 Success.
2025-08-20 18:38:59 Latest version is 1.9.10
2025-08-20 18:38:59 App is up to date.
2025-08-20 19:38:59 Checking for update using Github
2025-08-20 19:38:59 Success.
2025-08-20 19:38:59 Latest version is 1.9.10
2025-08-20 19:38:59 App is up to date.
2025-08-21 15:20:06 Checking for update using Github
2025-08-21 15:20:06 Success.
2025-08-21 15:20:06 Latest version is 1.9.10
2025-08-21 15:20:06 App is up to date.
2025-08-21 17:26:07 Checking for update using Github
2025-08-21 17:26:08 Success.
2025-08-21 17:26:08 Latest version is 1.9.10
2025-08-21 17:26:08 App is up to date.
2025-08-21 18:26:07 Checking for update using Github
2025-08-21 18:26:07 Success.
2025-08-21 18:26:07 Latest version is 1.9.10
2025-08-21 18:26:07 App is up to date.
2025-08-21 19:26:07 Checking for update using Github
2025-08-21 19:26:08 Success.
2025-08-21 19:26:08 Latest version is 1.9.10
2025-08-21 19:26:08 App is up to date.
2025-08-21 20:44:45 Checking for update using Github
2025-08-21 20:44:45 Success.
2025-08-21 20:44:45 Latest version is 1.9.10
2025-08-21 20:44:45 App is up to date.
2025-08-21 21:44:45 Checking for update using Github
2025-08-21 21:44:45 Success.
2025-08-21 21:44:45 Latest version is 1.9.10
2025-08-21 21:44:45 App is up to date.
2025-08-21 22:44:45 Checking for update using Github
2025-08-21 22:44:45 Success.
2025-08-21 22:44:45 Latest version is 1.9.10
2025-08-21 22:44:45 App is up to date.
2025-08-21 23:04:58 Loading updated app package /home/bmorin/.config/obsidian/obsidian-1.9.10.asar
2025-08-21 23:04:59 Checking for update using Github
2025-08-21 23:04:59 Success.
2025-08-21 23:04:59 Latest version is 1.9.10
2025-08-21 23:04:59 App is up to date.
2025-08-22 00:04:58 Checking for update using Github
2025-08-22 00:04:58 Success.
2025-08-22 00:04:58 Latest version is 1.9.10
2025-08-22 00:04:58 App is up to date.
2025-08-22 01:04:58 Checking for update using Github
2025-08-22 01:04:58 Success.
2025-08-22 01:04:58 Latest version is 1.9.10
2025-08-22 01:04:58 App is up to date.
2025-08-22 01:53:23 Loading updated app package /home/bmorin/.config/obsidian/obsidian-1.9.10.asar
2025-08-22 01:53:24 Checking for update using Github
2025-08-22 16:09:20 Loading updated app package /home/bmorin/.config/obsidian/obsidian-1.9.10.asar
2025-08-22 16:09:22 Checking for update using Github
2025-08-22 16:09:22 Success.
2025-08-22 16:09:22 Latest version is 1.9.10
2025-08-22 16:09:22 App is up to date.
2025-08-22 17:31:18 Checking for update using Github
2025-08-22 17:31:18 Success.
2025-08-22 17:31:18 Latest version is 1.9.10
2025-08-22 17:31:18 App is up to date.
2025-08-22 23:24:56 Loading updated app package /home/bmorin/.config/obsidian/obsidian-1.9.10.asar
2025-08-22 23:24:57 Checking for update using Github
2025-08-22 23:24:58 Success.
2025-08-22 23:24:58 Latest version is 1.9.10
2025-08-22 23:24:58 App is up to date.
2025-09-28 19:48:22 Loading updated app package /home/bmorin/.config/obsidian/obsidian-1.9.10.asar
2025-09-28 19:48:23 Checking for update using Github
2025-09-28 19:48:24 Success.
2025-09-28 19:48:24 Latest version is 1.9.12
2025-09-28 19:48:24 Downloading update from https://github.com/obsidianmd/obsidian-releases/releases/download/v1.9.12/obsidian-1.9.12.asar.gz
2025-09-28 19:48:26 Verifying hash & signature. Size= 9033321
2025-09-28 19:48:26 Saving file
2025-09-28 19:48:27 Update complete.
2025-09-28 20:48:22 Checking for update using Github
2025-09-28 20:48:23 Success.
2025-09-28 20:48:23 Latest version is 1.9.12
2025-09-28 20:48:23 An update is already downloaded.
2025-09-28 21:48:22 Checking for update using Github
2025-09-28 21:48:23 Success.
2025-09-28 21:48:23 Latest version is 1.9.12
2025-09-28 21:48:23 An update is already downloaded.
2025-09-28 22:48:22 Checking for update using Github
2025-09-28 22:48:23 Success.
2025-09-28 22:48:23 Latest version is 1.9.12
2025-09-28 22:48:23 An update is already downloaded.
2025-09-28 23:48:23 Checking for update using Github
2025-09-28 23:48:23 Success.
2025-09-28 23:48:23 Latest version is 1.9.12
2025-09-28 23:48:23 An update is already downloaded.
2025-09-29 00:48:23 Checking for update using Github
2025-09-29 00:48:23 Success.
2025-09-29 00:48:23 Latest version is 1.9.12
2025-09-29 00:48:23 An update is already downloaded.
2025-09-29 15:23:41 Loading updated app package /home/bmorin/.config/obsidian/obsidian-1.9.12.asar
2025-09-29 15:23:42 Checking for update using Github
2025-09-29 15:23:43 Success.
2025-09-29 15:23:43 Latest version is 1.9.12
2025-09-29 15:23:43 App is up to date.
2025-09-29 16:42:31 Checking for update using Github
2025-09-29 16:42:31 Success.
2025-09-29 16:42:31 Latest version is 1.9.12
2025-09-29 16:42:31 App is up to date.
2025-09-29 17:42:31 Checking for update using Github
2025-09-29 17:42:31 Success.
2025-09-29 17:42:31 Latest version is 1.9.12
2025-09-29 17:42:31 App is up to date.
2025-09-29 18:42:31 Checking for update using Github
2025-09-29 18:42:31 Success.
2025-09-29 18:42:31 Latest version is 1.9.12
2025-09-29 18:42:31 App is up to date.
2025-09-29 19:42:31 Checking for update using Github
2025-09-29 19:42:31 Success.
2025-09-29 19:42:31 Latest version is 1.9.12
2025-09-29 19:42:31 App is up to date.
2025-10-02 15:07:18 Loading updated app package /home/bmorin/.config/obsidian/obsidian-1.9.12.asar
2025-10-02 15:07:19 Checking for update using Github
2025-10-02 15:07:19 Success.
2025-10-02 15:07:19 Latest version is 1.9.14
2025-10-02 15:07:19 Downloading update from https://github.com/obsidianmd/obsidian-releases/releases/download/v1.9.14/obsidian-1.9.14.asar.gz
2025-10-02 15:07:20 Verifying hash & signature. Size= 9033685
2025-10-02 15:07:20 Saving file
2025-10-02 15:07:21 Update complete.
2025-10-03 01:40:23 Loading updated app package /home/bmorin/.config/obsidian/obsidian-1.9.14.asar
2025-10-03 01:40:24 Checking for update using Github
2025-10-03 01:40:25 Success.
2025-10-03 01:40:25 Latest version is 1.9.14
2025-10-03 01:40:25 App is up to date.
2025-10-03 02:40:23 Checking for update using Github
2025-10-03 02:40:23 Success.
2025-10-03 02:40:23 Latest version is 1.9.14
2025-10-03 02:40:23 App is up to date.
2025-10-03 03:40:32 Checking for update using Github
2025-10-03 03:40:32 Success.
2025-10-03 03:40:32 Latest version is 1.9.14
2025-10-03 03:40:32 App is up to date.
2025-10-03 04:40:32 Checking for update using Github
2025-10-03 04:40:32 Success.
2025-10-03 04:40:32 Latest version is 1.9.14
2025-10-03 04:40:32 App is up to date.
2025-10-03 05:40:32 Checking for update using Github
2025-10-03 05:40:32 Success.
2025-10-03 05:40:32 Latest version is 1.9.14
2025-10-03 05:40:32 App is up to date.
2025-10-03 14:02:06 Checking for update using Github
2025-10-03 14:02:07 Success.
2025-10-03 14:02:07 Latest version is 1.9.14
2025-10-03 14:02:07 App is up to date.
2025-10-03 15:02:06 Checking for update using Github
2025-10-03 15:02:07 Success.
2025-10-03 15:02:07 Latest version is 1.9.14
2025-10-03 15:02:07 App is up to date.
2025-10-03 16:25:18 Checking for update using Github
2025-10-03 16:25:18 Success.
2025-10-03 16:25:18 Latest version is 1.9.14
2025-10-03 16:25:18 App is up to date.
2025-10-03 17:25:18 Checking for update using Github
2025-10-03 17:25:18 Success.
2025-10-03 17:25:18 Latest version is 1.9.14
2025-10-03 17:25:18 App is up to date.
2025-10-03 18:28:01 Checking for update using Github
2025-10-03 18:28:01 Success.
2025-10-03 18:28:01 Latest version is 1.9.14
2025-10-03 18:28:01 App is up to date.
2025-10-03 19:35:11 Checking for update using Github
2025-10-03 19:35:11 Success.
2025-10-03 19:35:11 Latest version is 1.9.14
2025-10-03 19:35:11 App is up to date.
2025-10-03 20:45:33 Checking for update using Github
2025-10-03 20:45:33 Success.
2025-10-03 20:45:33 Latest version is 1.9.14
2025-10-03 20:45:33 App is up to date.
2025-10-03 21:45:33 Checking for update using Github
2025-10-03 21:45:33 Success.
2025-10-03 21:45:33 Latest version is 1.9.14
2025-10-03 21:45:33 App is up to date.
2025-10-03 22:45:33 Checking for update using Github
2025-10-03 22:45:33 Success.
2025-10-03 22:45:33 Latest version is 1.9.14
2025-10-03 22:45:33 App is up to date.
2025-10-03 23:45:33 Checking for update using Github
2025-10-03 23:45:33 Success.
2025-10-03 23:45:33 Latest version is 1.9.14
2025-10-03 23:45:33 App is up to date.
2025-10-04 00:45:33 Checking for update using Github
2025-10-04 00:45:33 Success.
2025-10-04 00:45:33 Latest version is 1.9.14
2025-10-04 00:45:33 App is up to date.
2025-10-04 01:45:33 Checking for update using Github
2025-10-04 01:45:33 Success.
2025-10-04 01:45:33 Latest version is 1.9.14
2025-10-04 01:45:33 App is up to date.
2025-10-04 02:45:33 Checking for update using Github
2025-10-04 02:45:33 Success.
2025-10-04 02:45:33 Latest version is 1.9.14
2025-10-04 02:45:33 App is up to date.
2025-10-04 23:49:04 Loading updated app package /home/bmorin/.config/obsidian/obsidian-1.9.14.asar
2025-10-04 23:49:05 Checking for update using Github
2025-10-04 23:49:05 Success.
2025-10-04 23:49:05 Latest version is 1.9.14
2025-10-04 23:49:05 App is up to date.
2025-10-05 00:49:04 Checking for update using Github
2025-10-05 00:49:04 Success.
2025-10-05 00:49:04 Latest version is 1.9.14
2025-10-05 00:49:04 App is up to date.
2025-10-05 01:49:04 Checking for update using Github
2025-10-05 01:49:04 Success.
2025-10-05 01:49:04 Latest version is 1.9.14
2025-10-05 01:49:04 App is up to date.
2025-10-05 02:49:04 Checking for update using Github
2025-10-05 02:49:04 Success.
2025-10-05 02:49:04 Latest version is 1.9.14
2025-10-05 02:49:04 App is up to date.
2025-10-05 03:49:04 Checking for update using Github
2025-10-05 03:49:04 Success.
2025-10-05 03:49:04 Latest version is 1.9.14
2025-10-05 03:49:04 App is up to date.
2025-10-05 13:48:32 Checking for update using Github
2025-10-05 13:48:32 Success.
2025-10-05 13:48:32 Latest version is 1.9.14
2025-10-05 13:48:32 App is up to date.
2025-10-05 14:48:32 Checking for update using Github
2025-10-05 14:48:32 Success.
2025-10-05 14:48:32 Latest version is 1.9.14
2025-10-05 14:48:32 App is up to date.
2025-10-05 15:48:32 Checking for update using Github
2025-10-05 15:48:32 Success.
2025-10-05 15:48:32 Latest version is 1.9.14
2025-10-05 15:48:32 App is up to date.
2025-10-05 16:48:32 Checking for update using Github
2025-10-05 16:48:32 Success.
2025-10-05 16:48:32 Latest version is 1.9.14
2025-10-05 16:48:32 App is up to date.
2025-10-05 17:48:32 Checking for update using Github
2025-10-05 17:48:32 Success.
2025-10-05 17:48:32 Latest version is 1.9.14
2025-10-05 17:48:32 App is up to date.
2025-10-05 19:41:42 Checking for update using Github
2025-10-05 19:41:42 Success.
2025-10-05 19:41:42 Latest version is 1.9.14
2025-10-05 19:41:42 App is up to date.
2025-10-05 20:41:42 Checking for update using Github
2025-10-05 20:41:42 Success.
2025-10-05 20:41:42 Latest version is 1.9.14
2025-10-05 20:41:42 App is up to date.
2025-10-05 21:41:42 Checking for update using Github
2025-10-05 21:41:42 Success.
2025-10-05 21:41:42 Latest version is 1.9.14
2025-10-05 21:41:42 App is up to date.
2025-10-05 22:41:42 Checking for update using Github
2025-10-05 22:41:42 Success.
2025-10-05 22:41:42 Latest version is 1.9.14
2025-10-05 22:41:42 App is up to date.
2025-10-05 23:41:42 Checking for update using Github
2025-10-05 23:41:42 Success.
2025-10-05 23:41:42 Latest version is 1.9.14
2025-10-05 23:41:42 App is up to date.
2025-10-06 00:41:42 Checking for update using Github
2025-10-06 00:41:42 Success.
2025-10-06 00:41:42 Latest version is 1.9.14
2025-10-06 00:41:42 App is up to date.
2025-10-06 01:41:42 Checking for update using Github
2025-10-06 01:41:42 Success.
2025-10-06 01:41:42 Latest version is 1.9.14
2025-10-06 01:41:42 App is up to date.
2025-10-06 02:41:42 Checking for update using Github
2025-10-06 02:41:42 Success.
2025-10-06 02:41:42 Latest version is 1.9.14
2025-10-06 02:41:42 App is up to date.
2025-10-06 03:41:42 Checking for update using Github
2025-10-06 03:41:42 Success.
2025-10-06 03:41:42 Latest version is 1.9.14
2025-10-06 03:41:42 App is up to date.
2025-10-06 12:45:55 Checking for update using Github
2025-10-06 12:45:55 Success.
2025-10-06 12:45:55 Latest version is 1.9.14
2025-10-06 12:45:55 App is up to date.
2025-10-06 13:45:55 Checking for update using Github
2025-10-06 13:45:55 Success.
2025-10-06 13:45:55 Latest version is 1.9.14
2025-10-06 13:45:55 App is up to date.
2025-10-06 14:45:55 Checking for update using Github
2025-10-06 14:45:55 Success.
2025-10-06 14:45:55 Latest version is 1.9.14
2025-10-06 14:45:55 App is up to date.
2025-10-06 16:26:13 Loading updated app package /home/bmorin/.config/obsidian/obsidian-1.9.14.asar
2025-10-06 16:26:14 Checking for update using Github
2025-10-06 16:26:15 Success.
2025-10-06 16:26:15 Latest version is 1.9.14
2025-10-06 16:26:15 App is up to date.
2025-10-06 16:30:09 Loading updated app package /home/bmorin/.config/obsidian/obsidian-1.9.14.asar
2025-10-06 16:30:10 Checking for update using Github
2025-10-06 16:30:11 Success.
2025-10-06 16:30:11 Latest version is 1.9.14
2025-10-06 16:30:11 App is up to date.
2025-10-06 20:50:34 Loading updated app package /home/bmorin/.config/obsidian/obsidian-1.9.14.asar
2025-10-06 20:50:35 Checking for update using Github
2025-10-06 20:50:35 Success.
2025-10-06 20:50:35 Latest version is 1.9.14
2025-10-06 20:50:35 App is up to date.
2025-10-06 20:50:55 Loading updated app package /home/bmorin/.config/obsidian/obsidian-1.9.14.asar
2025-10-06 20:50:55 Checking for update using Github
2025-10-06 20:50:56 Success.
2025-10-06 20:50:56 Latest version is 1.9.14
2025-10-06 20:50:56 App is up to date.
2025-10-10 23:37:14 Loading updated app package /home/bmorin/.config/obsidian/obsidian-1.9.14.asar
2025-10-10 23:37:15 Checking for update using Github
2025-10-10 23:37:15 Success.
2025-10-10 23:37:15 Latest version is 1.9.14
2025-10-10 23:37:15 App is up to date.
2025-10-10 23:47:56 Loading updated app package /home/bmorin/.config/obsidian/obsidian-1.9.14.asar
2025-10-10 23:47:57 Checking for update using Github
2025-10-10 23:47:58 Success.
2025-10-10 23:47:58 Latest version is 1.9.14
2025-10-10 23:47:58 App is up to date.
2025-10-11 00:44:00 Loading updated app package /home/bmorin/.config/obsidian/obsidian-1.9.14.asar
2025-10-11 00:44:01 Checking for update using Github
2025-10-11 00:44:01 Success.
2025-10-11 00:44:01 Latest version is 1.9.14
2025-10-11 00:44:01 App is up to date.
2025-10-11 01:44:00 Checking for update using Github
2025-10-11 01:44:00 Success.
2025-10-11 01:44:00 Latest version is 1.9.14
2025-10-11 01:44:00 App is up to date.
2025-10-12 01:32:18 Loading updated app package /home/bmorin/.config/obsidian/obsidian-1.9.14.asar
2025-10-12 01:32:18 Checking for update using Github
2025-10-12 01:32:19 Success.
2025-10-12 01:32:19 Latest version is 1.9.14
2025-10-12 01:32:19 App is up to date.
2025-10-12 13:33:51 Checking for update using Github
2025-10-12 13:33:51 Success.
2025-10-12 13:33:51 Latest version is 1.9.14
2025-10-12 13:33:51 App is up to date.
2025-10-12 14:33:51 Checking for update using Github
2025-10-12 14:33:51 Success.
2025-10-12 14:33:51 Latest version is 1.9.14
2025-10-12 14:33:51 App is up to date.
2025-10-12 15:33:51 Checking for update using Github
2025-10-12 15:33:51 Success.
2025-10-12 15:33:51 Latest version is 1.9.14
2025-10-12 15:33:51 App is up to date.
2025-10-12 16:33:51 Checking for update using Github
2025-10-12 16:33:51 Success.
2025-10-12 16:33:51 Latest version is 1.9.14
2025-10-12 16:33:51 App is up to date.
2025-10-12 17:33:51 Checking for update using Github
2025-10-12 17:33:51 Success.
2025-10-12 17:33:51 Latest version is 1.9.14
2025-10-12 17:33:51 App is up to date.
2025-10-12 18:33:51 Checking for update using Github
2025-10-12 18:33:51 Success.
2025-10-12 18:33:51 Latest version is 1.9.14
2025-10-12 18:33:51 App is up to date.
2025-10-12 19:33:51 Checking for update using Github
2025-10-12 19:33:51 Success.
2025-10-12 19:33:51 Latest version is 1.9.14
2025-10-12 19:33:51 App is up to date.
2025-10-12 20:33:51 Checking for update using Github
2025-10-12 20:33:51 Success.
2025-10-12 20:33:51 Latest version is 1.9.14
2025-10-12 20:33:51 App is up to date.
2025-10-12 21:33:51 Checking for update using Github
2025-10-12 21:33:51 Success.
2025-10-12 21:33:51 Latest version is 1.9.14
2025-10-12 21:33:51 App is up to date.
2025-10-12 22:33:51 Checking for update using Github
2025-10-12 22:33:51 Success.
2025-10-12 22:33:51 Latest version is 1.9.14
2025-10-12 22:33:51 App is up to date.
2025-10-12 23:33:51 Checking for update using Github
2025-10-12 23:33:51 Success.
2025-10-12 23:33:51 Latest version is 1.9.14
2025-10-12 23:33:51 App is up to date.
2025-10-13 00:33:51 Checking for update using Github
2025-10-13 00:33:51 Success.
2025-10-13 00:33:51 Latest version is 1.9.14
2025-10-13 00:33:51 App is up to date.
2025-10-27 16:24:32 Loading updated app package /home/bmorin/.config/obsidian/obsidian-1.9.14.asar
2025-10-27 16:24:33 Checking for update using Github
2025-10-27 16:24:34 Success.
2025-10-27 16:24:34 Latest version is 1.9.14
2025-10-27 16:24:34 App is up to date.
2025-10-27 17:24:31 Checking for update using Github
2025-10-27 17:24:31 Success.
2025-10-27 17:24:31 Latest version is 1.9.14
2025-10-27 17:24:31 App is up to date.
2025-11-05 03:45:13 Loading updated app package /home/bmorin/.config/obsidian/obsidian-1.9.14.asar
2025-11-05 03:45:14 Checking for update using Github
2025-11-05 03:45:14 Success.
2025-11-05 03:45:14 Latest version is 1.9.14
2025-11-05 03:45:14 App is up to date.
2025-11-05 04:45:13 Checking for update using Github
2025-11-05 04:45:13 Success.
2025-11-05 04:45:13 Latest version is 1.9.14
2025-11-05 04:45:13 App is up to date.
2025-11-05 05:45:13 Checking for update using Github
2025-11-05 05:45:13 Success.
2025-11-05 05:45:13 Latest version is 1.9.14
2025-11-05 05:45:13 App is up to date.
2025-11-05 13:31:22 Loading updated app package /home/bmorin/.config/obsidian/obsidian-1.9.14.asar
2025-11-05 13:31:23 Checking for update using Github
2025-11-05 13:31:24 Success.
2025-11-05 13:31:24 Latest version is 1.9.14
2025-11-05 13:31:24 App is up to date.
2025-11-05 13:52:45 Loading updated app package /home/bmorin/.config/obsidian/obsidian-1.9.14.asar
2025-11-05 13:52:46 Checking for update using Github
2025-11-05 13:52:47 Success.
2025-11-05 13:52:47 Latest version is 1.9.14
2025-11-05 13:52:47 App is up to date.
2025-11-08 03:45:57 Loading updated app package /home/bmorin/.config/obsidian/obsidian-1.9.14.asar
2025-11-08 03:45:57 Checking for update using Github
2025-11-08 03:45:58 Success.
2025-11-08 03:45:58 Latest version is 1.9.14
2025-11-08 03:45:58 App is up to date.
